<?xml version="1.0" encoding="UTF-8"?>
<!-- Generated by org.testng.reporters.JUnitXMLReporter -->
<testsuite ignored="0" hostname="ip-172-31-19-44" failures="0" tests="5" name="Default test" time="19.634" errors="0" timestamp="2024-06-19T13:12:04 UTC">
  <testcase classname="PizzaHutTestNGimplementation.pizzaHutTest" name="setLocation" time="10.273"/>
  <testcase classname="PizzaHutTestNGimplementation.pizzaHutTest" name="validateDealPage" time="0.005"/>
  <testcase classname="PizzaHutTestNGimplementation.pizzaHutTest" name="addSidesItem" time="1.021"/>
  <testcase classname="PizzaHutTestNGimplementation.pizzaHutTest" name="addDrinkItem" time="2.148"/>
  <testcase classname="PizzaHutTestNGimplementation.pizzaHutTest" name="checkoutProcess" time="3.842"/>
</testsuite> <!-- Default test -->
