<?xml version="1.0" encoding="UTF-8"?>
<testng-results ignored="0" total="5" passed="5" failed="0" skipped="0">
  <reporter-output>
  </reporter-output>
  <suite started-at="2024-06-19T06:31:50 UTC" name="Default suite" finished-at="2024-06-19T06:32:03 UTC" duration-ms="12858">
    <groups>
    </groups>
    <test started-at="2024-06-19T06:31:50 UTC" name="Default test" finished-at="2024-06-19T06:32:03 UTC" duration-ms="12858">
      <class name="PizzaHutTestNGimplementation.pizzaHutTest">
        <test-method is-config="true" signature="setUp(java.lang.String)[pri:0, instance:PizzaHutTestNGimplementation.pizzaHutTest@6759f091]" started-at="2024-06-19T06:31:41 UTC" name="setUp" finished-at="2024-06-19T06:31:50 UTC" duration-ms="8866" status="PASS">
          <params>
            <param index="0">
              <value>
                <![CDATA[https://www.pizzahut.co.in/]]>
              </value>
            </param>
          </params>
          <reporter-output>
          </reporter-output>
        </test-method> <!-- setUp -->
        <test-method is-config="true" signature="setLocation()[pri:0, instance:PizzaHutTestNGimplementation.pizzaHutTest@6759f091]" started-at="2024-06-19T06:31:50 UTC" name="setLocation" finished-at="2024-06-19T06:31:51 UTC" duration-ms="556" status="PASS">
          <reporter-output>
          </reporter-output>
        </test-method> <!-- setLocation -->
        <test-method signature="setLocation()[pri:1, instance:PizzaHutTestNGimplementation.pizzaHutTest@6759f091]" started-at="2024-06-19T06:31:51 UTC" name="setLocation" finished-at="2024-06-19T06:32:01 UTC" duration-ms="10159" status="PASS">
          <reporter-output>
          </reporter-output>
        </test-method> <!-- setLocation -->
        <test-method signature="validateDealPage()[pri:2, instance:PizzaHutTestNGimplementation.pizzaHutTest@6759f091]" started-at="2024-06-19T06:32:01 UTC" name="validateDealPage" finished-at="2024-06-19T06:32:01 UTC" duration-ms="9" status="PASS">
          <reporter-output>
          </reporter-output>
        </test-method> <!-- validateDealPage -->
        <test-method signature="addSidesItem()[pri:3, instance:PizzaHutTestNGimplementation.pizzaHutTest@6759f091]" started-at="2024-06-19T06:32:01 UTC" name="addSidesItem" finished-at="2024-06-19T06:32:01 UTC" duration-ms="8" status="PASS">
          <reporter-output>
          </reporter-output>
        </test-method> <!-- addSidesItem -->
        <test-method signature="addDrinkItem()[pri:4, instance:PizzaHutTestNGimplementation.pizzaHutTest@6759f091]" started-at="2024-06-19T06:32:01 UTC" name="addDrinkItem" finished-at="2024-06-19T06:32:02 UTC" duration-ms="752" status="PASS">
          <reporter-output>
          </reporter-output>
        </test-method> <!-- addDrinkItem -->
        <test-method signature="checkoutProcess()[pri:5, instance:PizzaHutTestNGimplementation.pizzaHutTest@6759f091]" started-at="2024-06-19T06:32:02 UTC" name="checkoutProcess" finished-at="2024-06-19T06:32:02 UTC" duration-ms="6" status="PASS">
          <reporter-output>
          </reporter-output>
        </test-method> <!-- checkoutProcess -->
        <test-method is-config="true" signature="processClose()[pri:0, instance:PizzaHutTestNGimplementation.pizzaHutTest@6759f091]" started-at="2024-06-19T06:32:02 UTC" name="processClose" finished-at="2024-06-19T06:32:03 UTC" duration-ms="1244" status="PASS">
          <reporter-output>
          </reporter-output>
        </test-method> <!-- processClose -->
      </class> <!-- PizzaHutTestNGimplementation.pizzaHutTest -->
    </test> <!-- Default test -->
  </suite> <!-- Default suite -->
</testng-results>
